<?xml version="1.0" encoding="UTF-8"?>
<testng-results ignored="0" total="4" passed="4" failed="0" skipped="0">
  <reporter-output>
  </reporter-output>
  <suite started-at="2024-08-25T18:40:26 IST" name="All Test Suite" finished-at="2024-08-25T18:40:33 IST" duration-ms="6466">
    <groups>
    </groups>
    <test started-at="2024-08-25T18:40:26 IST" name="D:/PetStoreAutomation/src/test/java/api/test" finished-at="2024-08-25T18:40:33 IST" duration-ms="6466">
      <class name="api.test.UserTests2">
        <test-method is-config="true" signature="setupData()[pri:0, instance:api.test.UserTests2@1d2adfbe]" started-at="2024-08-25T18:40:26 IST" name="setupData" finished-at="2024-08-25T18:40:27 IST" duration-ms="215" status="PASS">
          <reporter-output>
          </reporter-output>
        </test-method> <!-- setupData -->
        <test-method signature="testPostUser()[pri:1, instance:api.test.UserTests2@1d2adfbe]" started-at="2024-08-25T18:40:27 IST" name="testPostUser" finished-at="2024-08-25T18:40:30 IST" duration-ms="3816" status="PASS">
          <reporter-output>
          </reporter-output>
        </test-method> <!-- testPostUser -->
        <test-method signature="testGetUser()[pri:2, instance:api.test.UserTests2@1d2adfbe]" started-at="2024-08-25T18:40:30 IST" name="testGetUser" finished-at="2024-08-25T18:40:31 IST" duration-ms="610" status="PASS">
          <reporter-output>
          </reporter-output>
        </test-method> <!-- testGetUser -->
        <test-method signature="testUpdateUser()[pri:3, instance:api.test.UserTests2@1d2adfbe]" started-at="2024-08-25T18:40:31 IST" name="testUpdateUser" finished-at="2024-08-25T18:40:32 IST" duration-ms="1180" status="PASS">
          <reporter-output>
          </reporter-output>
        </test-method> <!-- testUpdateUser -->
        <test-method signature="testDeleteUser()[pri:4, instance:api.test.UserTests2@1d2adfbe]" started-at="2024-08-25T18:40:32 IST" name="testDeleteUser" finished-at="2024-08-25T18:40:33 IST" duration-ms="607" status="PASS">
          <reporter-output>
          </reporter-output>
        </test-method> <!-- testDeleteUser -->
      </class> <!-- api.test.UserTests2 -->
    </test> <!-- D:/PetStoreAutomation/src/test/java/api/test -->
  </suite> <!-- All Test Suite -->
</testng-results>
